[debug] [2025-08-16T02:11:14.261Z] ----------------------------------------------------------------------
[debug] [2025-08-16T02:11:14.264Z] Command:       /Users/bytedance/.nvm/versions/node/v22.18.0/bin/node /Users/bytedance/.nvm/versions/node/v22.18.0/bin/firebase deploy
[debug] [2025-08-16T02:11:14.264Z] CLI Version:   14.12.1
[debug] [2025-08-16T02:11:14.264Z] Platform:      darwin
[debug] [2025-08-16T02:11:14.264Z] Node Version:  v22.18.0
[debug] [2025-08-16T02:11:14.264Z] Time:          Fri Aug 15 2025 19:11:14 GMT-0700 (Pacific Daylight Time)
[debug] [2025-08-16T02:11:14.264Z] ----------------------------------------------------------------------
[debug] 
[debug] [2025-08-16T02:11:14.362Z] > command requires scopes: ["email","openid","https://www.googleapis.com/auth/cloudplatformprojects.readonly","https://www.googleapis.com/auth/firebase","https://www.googleapis.com/auth/cloud-platform"]
[debug] [2025-08-16T02:11:14.362Z] > authorizing via signed-in user (lexiconquestforkids@gmail.com)
[debug] [2025-08-16T02:11:14.363Z] [iam] checking project lexicon-quest for permissions ["firebase.projects.get","firebasehosting.sites.update"]
[debug] [2025-08-16T02:11:14.363Z] Checked if tokens are valid: true, expires at: 1755312569832
[debug] [2025-08-16T02:11:14.363Z] Checked if tokens are valid: true, expires at: 1755312569832
[debug] [2025-08-16T02:11:14.364Z] >>> [apiv2][query] POST https://cloudresourcemanager.googleapis.com/v1/projects/lexicon-quest:testIamPermissions [none]
[debug] [2025-08-16T02:11:14.364Z] >>> [apiv2][(partial)header] POST https://cloudresourcemanager.googleapis.com/v1/projects/lexicon-quest:testIamPermissions x-goog-quota-user=projects/lexicon-quest
[debug] [2025-08-16T02:11:14.364Z] >>> [apiv2][body] POST https://cloudresourcemanager.googleapis.com/v1/projects/lexicon-quest:testIamPermissions {"permissions":["firebase.projects.get","firebasehosting.sites.update"]}
[debug] [2025-08-16T02:11:14.726Z] <<< [apiv2][status] POST https://cloudresourcemanager.googleapis.com/v1/projects/lexicon-quest:testIamPermissions 200
[debug] [2025-08-16T02:11:14.726Z] <<< [apiv2][body] POST https://cloudresourcemanager.googleapis.com/v1/projects/lexicon-quest:testIamPermissions {"permissions":["firebase.projects.get","firebasehosting.sites.update"]}
[debug] [2025-08-16T02:11:14.727Z] Checked if tokens are valid: true, expires at: 1755312569832
[debug] [2025-08-16T02:11:14.727Z] Checked if tokens are valid: true, expires at: 1755312569832
[debug] [2025-08-16T02:11:14.727Z] >>> [apiv2][query] GET https://firebase.googleapis.com/v1beta1/projects/lexicon-quest [none]
[debug] [2025-08-16T02:11:15.193Z] <<< [apiv2][status] GET https://firebase.googleapis.com/v1beta1/projects/lexicon-quest 200
[debug] [2025-08-16T02:11:15.193Z] <<< [apiv2][body] GET https://firebase.googleapis.com/v1beta1/projects/lexicon-quest {"projectId":"lexicon-quest","projectNumber":"107916687613","displayName":"lexicon-quest","name":"projects/lexicon-quest","resources":{"hostingSite":"lexicon-quest"},"state":"ACTIVE","etag":"1_c94a815b-3d8e-4025-88a6-b6829d4b590c"}
[info] 
[info] === Deploying to 'lexicon-quest'...
[info] 
[info] i  deploying hosting 
[debug] [2025-08-16T02:11:15.197Z] Checked if tokens are valid: true, expires at: 1755312569832
[debug] [2025-08-16T02:11:15.197Z] Checked if tokens are valid: true, expires at: 1755312569832
[debug] [2025-08-16T02:11:15.197Z] >>> [apiv2][query] POST https://firebasehosting.googleapis.com/v1beta1/projects/-/sites/lexicon-quest/versions [none]
[debug] [2025-08-16T02:11:15.197Z] >>> [apiv2][body] POST https://firebasehosting.googleapis.com/v1beta1/projects/-/sites/lexicon-quest/versions {"status":"CREATED","labels":{"deployment-tool":"cli-firebase"}}
[debug] [2025-08-16T02:11:15.839Z] <<< [apiv2][status] POST https://firebasehosting.googleapis.com/v1beta1/projects/-/sites/lexicon-quest/versions 200
[debug] [2025-08-16T02:11:15.839Z] <<< [apiv2][body] POST https://firebasehosting.googleapis.com/v1beta1/projects/-/sites/lexicon-quest/versions {"name":"projects/107916687613/sites/lexicon-quest/versions/15d35b7624f51524","status":"CREATED","config":{},"labels":{"deployment-tool":"cli-firebase"}}
[info] i  hosting[lexicon-quest]: beginning deploy... 
[info] i  hosting[lexicon-quest]: found 11 files in public 
[debug] [2025-08-16T02:11:15.872Z] [hosting] uploading with 200 concurrency
[debug] [2025-08-16T02:11:15.880Z] Checked if tokens are valid: true, expires at: 1755312569832
[debug] [2025-08-16T02:11:15.880Z] Checked if tokens are valid: true, expires at: 1755312569832
[debug] [2025-08-16T02:11:15.883Z] [hosting] hash cache [cHVibGlj] stored for 11 files
[debug] [2025-08-16T02:11:15.884Z] [hosting][hash queue][FINAL] {"max":5,"min":0,"avg":0.45454545454545453,"active":0,"complete":11,"success":11,"errored":0,"retried":0,"total":11,"elapsed":9}
[debug] [2025-08-16T02:11:15.884Z] >>> [apiv2][query] POST https://firebasehosting.googleapis.com/v1beta1/projects/107916687613/sites/lexicon-quest/versions/15d35b7624f51524:populateFiles [none]
[debug] [2025-08-16T02:11:15.884Z] >>> [apiv2][body] POST https://firebasehosting.googleapis.com/v1beta1/projects/107916687613/sites/lexicon-quest/versions/15d35b7624f51524:populateFiles {"files":{"/styles2.css":"4cee76b5f6d90584212ff79555153cad9c2c5fc31e694e09c29e25fbba7d2e17","/landing.html":"d74c8ac00191ef22615653f32024f12ea16c9fd06881a8efaf9c55df306cb3d0","/index.html":"522baf7aaac6b72bd8fa69655c1787c2599b0e5b4ea81d7459dcf6940474b479","/firebase-config.js":"695a40f7c3adea224631226450b089771b3f3f4dcc8a550b4e3668f53c22e824","/config.js":"07279b075473a841691a4a4e9935526f163efa844db8becea0363fc45d015917","/artifact/logo/header.png":"7371c98420c0693ac63188fe5bfe0caac0560d4c63f1d03a573d1cb6de016c76","/artifact/logo/google logo.png":"e8abdad762544ad8bb94a8110c03ecd9912235e042b8525c7a12483066cf3f33","/artifact/logo/emblem.png":"115c7719ea99a3ad8ae2d5a8d2ffd8684d02cd8343bfb1fd8728c871be7a7419","/artifact/logo/cover only mock up.png":"7f5ad4f38ab4587d96fbb5d8ec2018b47459781b1833e21c684444749af902d0","/artifact/issue2/hidden_statue.png":"e864b4912f54a5b61da89303ac0b14d025ed415d55a89dc3ae2dd5b2847302c1","/script.js":"fd6e682146a6fd0f617a51fd36143c1e5abf969695d0347bd12e67a518c851d6"}}
